[+0.00s] DEBUG: Logging to /var/log/lightdm/lightdm.log
[+0.00s] DEBUG: Starting Light Display Manager 1.18.3, UID=0 PID=2869
[+0.00s] DEBUG: Loading configuration dirs from /usr/share/lightdm/lightdm.conf.d
[+0.00s] DEBUG: Loading configuration from /usr/share/lightdm/lightdm.conf.d/50-disable-log-backup.conf
[+0.00s] DEBUG: Loading configuration from /usr/share/lightdm/lightdm.conf.d/50-greeter-wrapper.conf
[+0.00s] DEBUG: Loading configuration from /usr/share/lightdm/lightdm.conf.d/50-guest-wrapper.conf
[+0.00s] DEBUG: Loading configuration from /usr/share/lightdm/lightdm.conf.d/50-xserver-command.conf
[+0.00s] DEBUG: Loading configuration from /usr/share/lightdm/lightdm.conf.d/52-ubuntu-touch.conf
[+0.00s] DEBUG:   [SeatDefaults] is now called [Seat:*], please update this configuration
[+0.00s] DEBUG: Loading configuration dirs from /custom/xdg/data/lightdm/lightdm.conf.d
[+0.00s] DEBUG: Loading configuration dirs from /etc/xdg/lightdm/lightdm.conf.d
[+0.00s] DEBUG: Loading configuration from /etc/lightdm/lightdm.conf.d/90-phablet.conf
[+0.00s] DEBUG:   [SeatDefaults] is now called [Seat:*], please update this configuration
[+0.00s] DEBUG: Loading configuration from /etc/lightdm/lightdm.conf
[+0.00s] DEBUG: Using D-Bus name org.freedesktop.DisplayManager
[+0.00s] DEBUG: Registered seat module xlocal
[+0.00s] DEBUG: Registered seat module xremote
[+0.00s] DEBUG: Registered seat module unity
[+0.04s] DEBUG: Monitoring logind for seats
[+0.04s] DEBUG: New seat added from logind: seat0
[+0.04s] DEBUG: Seat seat0: Loading properties from config section Seat:*
[+0.04s] DEBUG: Seat seat0: Starting
[+0.05s] DEBUG: Using VT 1
[+0.05s] DEBUG: DisplayServer: Logging to /var/log/lightdm/unity-system-compositor.log
[+0.05s] DEBUG: Launching process 2932: /usr/share/ubuntu-touch-session/usc-wrapper --file '/run/mir_socket' --from-dm-fd 11 --to-dm-fd 14 --vt 1
[+0.05s] DEBUG: DisplayServer: Waiting for system compositor for 60s
[+0.05s] DEBUG: Acquired bus name org.freedesktop.DisplayManager
[+0.05s] DEBUG: Registering seat with bus path /org/freedesktop/DisplayManager/Seat0
[+0.14s] DEBUG: Loading users from org.freedesktop.Accounts
[+5.39s] DEBUG: DisplayServer: READY
[+5.39s] DEBUG: DisplayServer: Compositor ready
[+5.39s] DEBUG: Seat seat0: Compositor ready
[+5.39s] DEBUG: Seat seat0: Creating user session
[+5.39s] DEBUG: Seat seat0: Creating display server of type mir
[+5.40s] DEBUG: Seat seat0: Display server ready, starting session authentication
[+5.41s] DEBUG: Session pid=3465: Started with service 'lightdm-autologin', username 'phablet'
[+5.44s] DEBUG: Session pid=3465: Authentication complete with return value 0: Success
[+5.44s] DEBUG: Seat seat0: Session authenticated, running command
[+5.44s] DEBUG: Registering session with bus path /org/freedesktop/DisplayManager/Session0
[+5.44s] DEBUG: Session pid=3465: Running command /usr/sbin/ubuntu-touch-lightdm-session ubuntu-touch-session
[+5.44s] DEBUG: Creating shared data directory /var/lib/lightdm-data/phablet
[+5.44s] DEBUG: Session pid=3465: Logging to .xsession-errors
[+5.53s] DEBUG: Activating login1 session c2
[+5.53s] DEBUG: Seat seat0 changes active session to c2
[+5.53s] DEBUG: Session c2 is already active
[+6.09s] DEBUG: User /org/freedesktop/Accounts/User32011 added
[+23.18s] DEBUG: User /org/freedesktop/Accounts/User0 added
[+1011.23s] DEBUG: User /org/freedesktop/Accounts/User0 added
